<?xml version="1.0" encoding="UTF-8"?>
<!-- Generated by org.testng.reporters.JUnitReportReporter -->
<testsuite skipped="0" hostname="DESKTOP-92AC7BP" name="com.axis.testCases.TC_LoginToCompanyTestCases" tests="3" failures="0" timestamp="2020-09-11T14:40:54 IST" time="74.534" errors="0">
  <testcase name="intuitButton" time="0.235" classname="com.axis.testCases.TC_LoginToCompanyTestCases"/>
  <system-out/>
  <testcase name="SignInTest" time="23.645" classname="com.axis.testCases.TC_LoginToCompanyTestCases"/>
  <system-out/>
  <testcase name="CompanySelection" time="50.654" classname="com.axis.testCases.TC_LoginToCompanyTestCases"/>
  <system-out/>
</testsuite> <!-- com.axis.testCases.TC_LoginToCompanyTestCases -->
