<?xml version="1.0" encoding="UTF-8"?>
<!-- Generated by org.testng.reporters.JUnitReportReporter -->
<testsuite skipped="0" hostname="DESKTOP-92AC7BP" name="com.axis.testCases.TC_SignInScreen_002" tests="1" failures="0" timestamp="2020-09-08T18:32:51 IST" time="7.739" errors="0">
  <testcase name="SignInTest" time="7.739" classname="com.axis.testCases.TC_SignInScreen_002"/>
  <system-out/>
</testsuite> <!-- com.axis.testCases.TC_SignInScreen_002 -->
